<?xml version="1.0" encoding="UTF-8"?>
<coverage generated="1787194095901" clover="3.2.0">
  <project timestamp="1787194095901" name="All files">
    <metrics statements="87" coveredstatements="61" conditionals="112" coveredconditionals="75" methods="23" coveredmethods="22" elements="222" coveredelements="158" complexity="0" loc="87" ncloc="87" packages="1" files="2" classes="2"/>
    <file name="TaskCard.jsx" path="C:\Users\SAHIL BISWAS\OneDrive\Documents\Desktop\Don't Touch Me File\Web Development Projects\taskflow-ai\taskflow-ai\src\components\TaskCard.jsx">
      <metrics statements="20" coveredstatements="6" conditionals="32" coveredconditionals="12" methods="6" coveredmethods="5"/>
      <line num="7" count="4" type="stmt"/>
      <line num="27" count="1" type="stmt"/>
      <line num="86" count="1" type="stmt"/>
      <line num="98" count="1" type="stmt"/>
      <line num="111" count="4" type="cond" truecount="1" falsecount="1"/>
      <line num="112" count="4" type="stmt"/>
      <line num="115" count="0" type="stmt"/>
      <line num="119" count="0" type="cond" truecount="0" falsecount="2"/>
      <line num="122" count="0" type="stmt"/>
      <line num="125" count="0" type="stmt"/>
      <line num="136" count="0" type="stmt"/>
      <line num="138" count="0" type="cond" truecount="0" falsecount="2"/>
      <line num="142" count="0" type="stmt"/>
      <line num="145" count="0" type="cond" truecount="0" falsecount="2"/>
      <line num="146" count="0" type="stmt"/>
      <line num="149" count="0" type="stmt"/>
      <line num="153" count="0" type="stmt"/>
      <line num="155" count="0" type="cond" truecount="0" falsecount="2"/>
      <line num="156" count="0" type="stmt"/>
      <line num="159" count="0" type="stmt"/>
    </file>
    <file name="TaskModal.jsx" path="C:\Users\SAHIL BISWAS\OneDrive\Documents\Desktop\Don't Touch Me File\Web Development Projects\taskflow-ai\taskflow-ai\src\components\TaskModal.jsx">
      <metrics statements="67" coveredstatements="55" conditionals="80" coveredconditionals="63" methods="17" coveredmethods="17"/>
      <line num="12" count="9" type="stmt"/>
      <line num="31" count="220" type="stmt"/>
      <line num="41" count="220" type="stmt"/>
      <line num="44" count="220" type="stmt"/>
      <line num="47" count="220" type="stmt"/>
      <line num="49" count="220" type="stmt"/>
      <line num="50" count="17" type="stmt"/>
      <line num="51" count="218" type="cond" truecount="2" falsecount="0"/>
      <line num="55" count="1" type="stmt"/>
      <line num="59" count="17" type="stmt"/>
      <line num="64" count="17" type="stmt"/>
      <line num="65" count="17" type="stmt"/>
      <line num="72" count="220" type="stmt"/>
      <line num="73" count="202" type="stmt"/>
      <line num="75" count="202" type="stmt"/>
      <line num="80" count="202" type="cond" truecount="2" falsecount="0"/>
      <line num="84" count="197" type="stmt"/>
      <line num="88" count="220" type="stmt"/>
      <line num="89" count="5" type="stmt"/>
      <line num="90" count="5" type="stmt"/>
      <line num="92" count="5" type="cond" truecount="2" falsecount="0"/>
      <line num="93" count="1" type="stmt"/>
      <line num="97" count="1" type="stmt"/>
      <line num="100" count="4" type="stmt"/>
      <line num="101" count="4" type="stmt"/>
      <line num="103" count="4" type="stmt"/>
      <line num="123" count="4" type="stmt"/>
      <line num="124" count="4" type="stmt"/>
      <line num="126" count="0" type="stmt"/>
      <line num="131" count="4" type="cond" truecount="2" falsecount="0"/>
      <line num="132" count="1" type="stmt"/>
      <line num="138" count="3" type="cond" truecount="1" falsecount="1"/>
      <line num="142" count="0" type="stmt"/>
      <line num="147" count="3" type="stmt"/>
      <line num="149" count="1" type="stmt"/>
      <line num="154" count="1" type="stmt"/>
      <line num="159" count="4" type="stmt"/>
      <line num="163" count="220" type="stmt"/>
      <line num="165" count="4" type="stmt"/>
      <line num="184" count="220" type="stmt"/>
      <line num="185" count="1" type="cond" truecount="1" falsecount="1"/>
      <line num="186" count="0" type="stmt"/>
      <line num="189" count="1" type="stmt"/>
      <line num="194" count="220" type="stmt"/>
      <line num="195" count="1" type="cond" truecount="1" falsecount="1"/>
      <line num="199" count="0" type="stmt"/>
      <line num="202" count="1" type="stmt"/>
      <line num="209" count="220" type="stmt"/>
      <line num="210" count="1" type="stmt"/>
      <line num="212" count="1" type="cond" truecount="1" falsecount="1"/>
      <line num="213" count="0" type="stmt"/>
      <line num="216" count="1" type="stmt"/>
      <line num="226" count="220" type="stmt"/>
      <line num="230" count="20" type="cond" truecount="1" falsecount="1"/>
      <line num="235" count="0" type="stmt"/>
      <line num="426" count="9" type="stmt"/>
      <line num="485" count="1" type="stmt"/>
      <line num="603" count="9" type="stmt"/>
      <line num="605" count="9" type="cond" truecount="1" falsecount="1"/>
      <line num="606" count="0" type="stmt"/>
      <line num="609" count="9" type="cond" truecount="1" falsecount="1"/>
      <line num="610" count="9" type="stmt"/>
      <line num="613" count="0" type="stmt"/>
      <line num="615" count="0" type="stmt"/>
      <line num="617" count="0" type="cond" truecount="0" falsecount="2"/>
      <line num="618" count="0" type="stmt"/>
      <line num="621" count="0" type="stmt"/>
    </file>
  </project>
</coverage>
