{"C:\\Users\\SAHIL BISWAS\\OneDrive\\Documents\\Desktop\\Don't Touch Me File\\Web Development Projects\\taskflow-ai\\taskflow-ai\\src\\components\\TaskCard.jsx": {"path":"C:\\Users\\SAHIL BISWAS\\OneDrive\\Documents\\Desktop\\Don't Touch Me File\\Web Development Projects\\taskflow-ai\\taskflow-ai\\src\\components\\TaskCard.jsx","statementMap":{"0":{"start":{"line":7,"column":2},"end":{"line":106,"column":null}},"1":{"start":{"line":27,"column":10},"end":{"line":27,"column":null}},"2":{"start":{"line":86,"column":12},"end":{"line":86,"column":null}},"3":{"start":{"line":98,"column":12},"end":{"line":98,"column":null}},"4":{"start":{"line":111,"column":2},"end":{"line":113,"column":null}},"5":{"start":{"line":112,"column":4},"end":{"line":112,"column":null}},"6":{"start":{"line":115,"column":15},"end":{"line":117,"column":null}},"7":{"start":{"line":119,"column":2},"end":{"line":123,"column":null}},"8":{"start":{"line":122,"column":4},"end":{"line":122,"column":null}},"9":{"start":{"line":125,"column":2},"end":{"line":132,"column":null}},"10":{"start":{"line":136,"column":16},"end":{"line":136,"column":null}},"11":{"start":{"line":138,"column":2},"end":{"line":143,"column":null}},"12":{"start":{"line":142,"column":4},"end":{"line":142,"column":null}},"13":{"start":{"line":145,"column":2},"end":{"line":147,"column":null}},"14":{"start":{"line":146,"column":4},"end":{"line":146,"column":null}},"15":{"start":{"line":149,"column":16},"end":{"line":151,"column":null}},"16":{"start":{"line":153,"column":20},"end":{"line":153,"column":null}},"17":{"start":{"line":155,"column":2},"end":{"line":157,"column":null}},"18":{"start":{"line":156,"column":4},"end":{"line":156,"column":null}},"19":{"start":{"line":159,"column":2},"end":{"line":159,"column":null}}},"fnMap":{"0":{"name":"TaskCard","decl":{"start":{"line":1,"column":9},"end":{"line":1,"column":18}},"loc":{"start":{"line":6,"column":3},"end":{"line":108,"column":null}},"line":6},"1":{"name":"(anonymous_1)","decl":{"start":{"line":26,"column":8},"end":{"line":26,"column":null}},"loc":{"start":{"line":27,"column":10},"end":{"line":27,"column":null}},"line":27},"2":{"name":"(anonymous_2)","decl":{"start":{"line":85,"column":10},"end":{"line":85,"column":null}},"loc":{"start":{"line":86,"column":12},"end":{"line":86,"column":null}},"line":86},"3":{"name":"(anonymous_3)","decl":{"start":{"line":97,"column":10},"end":{"line":97,"column":null}},"loc":{"start":{"line":98,"column":12},"end":{"line":98,"column":null}},"line":98},"4":{"name":"formatDate","decl":{"start":{"line":110,"column":9},"end":{"line":110,"column":20}},"loc":{"start":{"line":110,"column":27},"end":{"line":133,"column":null}},"line":110},"5":{"name":"formatEstimate","decl":{"start":{"line":135,"column":9},"end":{"line":135,"column":24}},"loc":{"start":{"line":135,"column":33},"end":{"line":160,"column":null}},"line":135}},"branchMap":{"0":{"loc":{"start":{"line":10,"column":8},"end":{"line":12,"column":null}},"type":"cond-expr","locations":[{"start":{"line":11,"column":12},"end":{"line":11,"column":null}},{"start":{"line":12,"column":12},"end":{"line":12,"column":null}}],"line":10},"1":{"loc":{"start":{"line":14,"column":8},"end":{"line":16,"column":null}},"type":"cond-expr","locations":[{"start":{"line":15,"column":12},"end":{"line":15,"column":null}},{"start":{"line":16,"column":12},"end":{"line":16,"column":null}}],"line":14},"2":{"loc":{"start":{"line":22,"column":10},"end":{"line":24,"column":null}},"type":"cond-expr","locations":[{"start":{"line":23,"column":14},"end":{"line":23,"column":null}},{"start":{"line":24,"column":14},"end":{"line":24,"column":null}}],"line":22},"3":{"loc":{"start":{"line":30,"column":10},"end":{"line":32,"column":null}},"type":"cond-expr","locations":[{"start":{"line":31,"column":14},"end":{"line":31,"column":null}},{"start":{"line":32,"column":14},"end":{"line":32,"column":null}}],"line":30},"4":{"loc":{"start":{"line":35,"column":9},"end":{"line":35,"column":null}},"type":"cond-expr","locations":[{"start":{"line":35,"column":26},"end":{"line":35,"column":32}},{"start":{"line":35,"column":32},"end":{"line":35,"column":null}}],"line":35},"5":{"loc":{"start":{"line":44,"column":11},"end":{"line":49,"column":null}},"type":"binary-expr","locations":[{"start":{"line":44,"column":11},"end":{"line":44,"column":null}},{"start":{"line":45,"column":12},"end":{"line":49,"column":null}}],"line":44},"6":{"loc":{"start":{"line":54,"column":14},"end":{"line":54,"column":null}},"type":"binary-expr","locations":[{"start":{"line":54,"column":14},"end":{"line":54,"column":31}},{"start":{"line":54,"column":31},"end":{"line":54,"column":null}}],"line":54},"7":{"loc":{"start":{"line":57,"column":13},"end":{"line":57,"column":null}},"type":"binary-expr","locations":[{"start":{"line":57,"column":13},"end":{"line":57,"column":30}},{"start":{"line":57,"column":30},"end":{"line":57,"column":null}}],"line":57},"8":{"loc":{"start":{"line":64,"column":11},"end":{"line":70,"column":null}},"type":"binary-expr","locations":[{"start":{"line":64,"column":11},"end":{"line":64,"column":null}},{"start":{"line":65,"column":12},"end":{"line":70,"column":null}}],"line":64},"9":{"loc":{"start":{"line":73,"column":11},"end":{"line":76,"column":null}},"type":"binary-expr","locations":[{"start":{"line":73,"column":11},"end":{"line":73,"column":null}},{"start":{"line":74,"column":12},"end":{"line":76,"column":null}}],"line":73},"10":{"loc":{"start":{"line":111,"column":2},"end":{"line":113,"column":null}},"type":"if","locations":[{"start":{"line":111,"column":2},"end":{"line":113,"column":null}},{"start":{},"end":{}}],"line":111},"11":{"loc":{"start":{"line":119,"column":2},"end":{"line":123,"column":null}},"type":"if","locations":[{"start":{"line":119,"column":2},"end":{"line":123,"column":null}},{"start":{},"end":{}}],"line":119},"12":{"loc":{"start":{"line":138,"column":2},"end":{"line":143,"column":null}},"type":"if","locations":[{"start":{"line":138,"column":2},"end":{"line":143,"column":null}},{"start":{},"end":{}}],"line":138},"13":{"loc":{"start":{"line":139,"column":4},"end":{"line":140,"column":null}},"type":"binary-expr","locations":[{"start":{"line":139,"column":4},"end":{"line":139,"column":null}},{"start":{"line":140,"column":4},"end":{"line":140,"column":null}}],"line":139},"14":{"loc":{"start":{"line":145,"column":2},"end":{"line":147,"column":null}},"type":"if","locations":[{"start":{"line":145,"column":2},"end":{"line":147,"column":null}},{"start":{},"end":{}}],"line":145},"15":{"loc":{"start":{"line":155,"column":2},"end":{"line":157,"column":null}},"type":"if","locations":[{"start":{"line":155,"column":2},"end":{"line":157,"column":null}},{"start":{},"end":{}}],"line":155}},"s":{"0":4,"1":1,"2":1,"3":1,"4":4,"5":4,"6":0,"7":0,"8":0,"9":0,"10":0,"11":0,"12":0,"13":0,"14":0,"15":0,"16":0,"17":0,"18":0,"19":0},"f":{"0":4,"1":1,"2":1,"3":1,"4":4,"5":0},"b":{"0":[0,4],"1":[0,4],"2":[0,4],"3":[0,4],"4":[0,4],"5":[4,0],"6":[4,0],"7":[4,0],"8":[4,0],"9":[4,4],"10":[4,0],"11":[0,0],"12":[0,0],"13":[0,0],"14":[0,0],"15":[0,0]},"meta":{"lastBranch":16,"lastFunction":6,"lastStatement":20,"seen":{"f:1:9:1:18":0,"s:7:2:106:Infinity":0,"b:11:12:11:Infinity:12:12:12:Infinity":0,"b:15:12:15:Infinity:16:12:16:Infinity":1,"b:23:14:23:Infinity:24:14:24:Infinity":2,"f:26:8:26:Infinity":1,"s:27:10:27:Infinity":1,"b:31:14:31:Infinity:32:14:32:Infinity":3,"b:35:26:35:32:35:32:35:Infinity":4,"b:44:11:44:Infinity:45:12:49:Infinity":5,"b:54:14:54:31:54:31:54:Infinity":6,"b:57:13:57:30:57:30:57:Infinity":7,"b:64:11:64:Infinity:65:12:70:Infinity":8,"b:73:11:73:Infinity:74:12:76:Infinity":9,"f:85:10:85:Infinity":2,"s:86:12:86:Infinity":2,"f:97:10:97:Infinity":3,"s:98:12:98:Infinity":3,"f:110:9:110:20":4,"b:111:2:113:Infinity:undefined:undefined:undefined:undefined":10,"s:111:2:113:Infinity":4,"s:112:4:112:Infinity":5,"s:115:15:117:Infinity":6,"b:119:2:123:Infinity:undefined:undefined:undefined:undefined":11,"s:119:2:123:Infinity":7,"s:122:4:122:Infinity":8,"s:125:2:132:Infinity":9,"f:135:9:135:24":5,"s:136:16:136:Infinity":10,"b:138:2:143:Infinity:undefined:undefined:undefined:undefined":12,"s:138:2:143:Infinity":11,"b:139:4:139:Infinity:140:4:140:Infinity":13,"s:142:4:142:Infinity":12,"b:145:2:147:Infinity:undefined:undefined:undefined:undefined":14,"s:145:2:147:Infinity":13,"s:146:4:146:Infinity":14,"s:149:16:151:Infinity":15,"s:153:20:153:Infinity":16,"b:155:2:157:Infinity:undefined:undefined:undefined:undefined":15,"s:155:2:157:Infinity":17,"s:156:4:156:Infinity":18,"s:159:2:159:Infinity":19},"fnNames":{}}}
,"C:\\Users\\SAHIL BISWAS\\OneDrive\\Documents\\Desktop\\Don't Touch Me File\\Web Development Projects\\taskflow-ai\\taskflow-ai\\src\\components\\TaskModal.jsx": {"path":"C:\\Users\\SAHIL BISWAS\\OneDrive\\Documents\\Desktop\\Don't Touch Me File\\Web Development Projects\\taskflow-ai\\taskflow-ai\\src\\components\\TaskModal.jsx","statementMap":{"0":{"start":{"line":12,"column":2},"end":{"line":21,"column":null}},"1":{"start":{"line":31,"column":26},"end":{"line":38,"column":null}},"2":{"start":{"line":31,"column":42},"end":{"line":38,"column":4}},"3":{"start":{"line":41,"column":4},"end":{"line":41,"column":null}},"4":{"start":{"line":44,"column":4},"end":{"line":44,"column":null}},"5":{"start":{"line":47,"column":4},"end":{"line":47,"column":null}},"6":{"start":{"line":49,"column":2},"end":{"line":70,"column":null}},"7":{"start":{"line":50,"column":10},"end":{"line":57,"column":null}},"8":{"start":{"line":51,"column":6},"end":{"line":56,"column":null}},"9":{"start":{"line":55,"column":8},"end":{"line":55,"column":null}},"10":{"start":{"line":59,"column":4},"end":{"line":62,"column":null}},"11":{"start":{"line":64,"column":4},"end":{"line":69,"column":null}},"12":{"start":{"line":65,"column":6},"end":{"line":68,"column":null}},"13":{"start":{"line":72,"column":8},"end":{"line":86,"column":null}},"14":{"start":{"line":73,"column":28},"end":{"line":73,"column":null}},"15":{"start":{"line":75,"column":4},"end":{"line":78,"column":null}},"16":{"start":{"line":75,"column":26},"end":{"line":78,"column":6}},"17":{"start":{"line":80,"column":4},"end":{"line":85,"column":null}},"18":{"start":{"line":84,"column":6},"end":{"line":84,"column":null}},"19":{"start":{"line":88,"column":28},"end":{"line":161,"column":null}},"20":{"start":{"line":89,"column":4},"end":{"line":89,"column":null}},"21":{"start":{"line":90,"column":4},"end":{"line":90,"column":null}},"22":{"start":{"line":92,"column":4},"end":{"line":98,"column":null}},"23":{"start":{"line":93,"column":6},"end":{"line":95,"column":null}},"24":{"start":{"line":97,"column":6},"end":{"line":97,"column":null}},"25":{"start":{"line":100,"column":4},"end":{"line":160,"column":null}},"26":{"start":{"line":101,"column":6},"end":{"line":101,"column":null}},"27":{"start":{"line":103,"column":23},"end":{"line":119,"column":null}},"28":{"start":{"line":123,"column":6},"end":{"line":129,"column":null}},"29":{"start":{"line":124,"column":8},"end":{"line":124,"column":null}},"30":{"start":{"line":126,"column":8},"end":{"line":128,"column":null}},"31":{"start":{"line":131,"column":6},"end":{"line":136,"column":null}},"32":{"start":{"line":132,"column":8},"end":{"line":135,"column":null}},"33":{"start":{"line":138,"column":6},"end":{"line":145,"column":null}},"34":{"start":{"line":142,"column":8},"end":{"line":144,"column":null}},"35":{"start":{"line":147,"column":6},"end":{"line":147,"column":null}},"36":{"start":{"line":149,"column":6},"end":{"line":152,"column":null}},"37":{"start":{"line":154,"column":6},"end":{"line":157,"column":null}},"38":{"start":{"line":159,"column":6},"end":{"line":159,"column":null}},"39":{"start":{"line":163,"column":8},"end":{"line":182,"column":null}},"40":{"start":{"line":165,"column":8},"end":{"line":182,"column":null}},"41":{"start":{"line":184,"column":8},"end":{"line":192,"column":null}},"42":{"start":{"line":185,"column":4},"end":{"line":187,"column":null}},"43":{"start":{"line":186,"column":6},"end":{"line":186,"column":null}},"44":{"start":{"line":189,"column":4},"end":{"line":191,"column":null}},"45":{"start":{"line":194,"column":8},"end":{"line":207,"column":null}},"46":{"start":{"line":195,"column":4},"end":{"line":200,"column":null}},"47":{"start":{"line":199,"column":6},"end":{"line":199,"column":null}},"48":{"start":{"line":202,"column":4},"end":{"line":206,"column":null}},"49":{"start":{"line":209,"column":8},"end":{"line":224,"column":null}},"50":{"start":{"line":210,"column":4},"end":{"line":210,"column":null}},"51":{"start":{"line":212,"column":4},"end":{"line":214,"column":null}},"52":{"start":{"line":213,"column":6},"end":{"line":213,"column":null}},"53":{"start":{"line":216,"column":4},"end":{"line":223,"column":null}},"54":{"start":{"line":226,"column":2},"end":{"line":598,"column":null}},"55":{"start":{"line":230,"column":8},"end":{"line":236,"column":null}},"56":{"start":{"line":235,"column":10},"end":{"line":235,"column":null}},"57":{"start":{"line":426,"column":24},"end":{"line":493,"column":null}},"58":{"start":{"line":485,"column":32},"end":{"line":487,"column":null}},"59":{"start":{"line":603,"column":16},"end":{"line":603,"column":null}},"60":{"start":{"line":605,"column":2},"end":{"line":607,"column":null}},"61":{"start":{"line":606,"column":4},"end":{"line":606,"column":null}},"62":{"start":{"line":609,"column":2},"end":{"line":611,"column":null}},"63":{"start":{"line":610,"column":4},"end":{"line":610,"column":null}},"64":{"start":{"line":613,"column":16},"end":{"line":613,"column":null}},"65":{"start":{"line":615,"column":20},"end":{"line":615,"column":null}},"66":{"start":{"line":617,"column":2},"end":{"line":619,"column":null}},"67":{"start":{"line":618,"column":4},"end":{"line":618,"column":null}},"68":{"start":{"line":621,"column":2},"end":{"line":621,"column":null}}},"fnMap":{"0":{"name":"TaskModal","decl":{"start":{"line":6,"column":9},"end":{"line":6,"column":19}},"loc":{"start":{"line":11,"column":3},"end":{"line":23,"column":null}},"line":11},"1":{"name":"TaskModalForm","decl":{"start":{"line":25,"column":9},"end":{"line":25,"column":23}},"loc":{"start":{"line":30,"column":3},"end":{"line":600,"column":null}},"line":30},"2":{"name":"(anonymous_2)","decl":{"start":{"line":31,"column":26},"end":{"line":31,"column":42}},"loc":{"start":{"line":31,"column":42},"end":{"line":38,"column":4}},"line":31},"3":{"name":"(anonymous_3)","decl":{"start":{"line":49,"column":2},"end":{"line":49,"column":18}},"loc":{"start":{"line":49,"column":18},"end":{"line":70,"column":5}},"line":49},"4":{"name":"(anonymous_4)","decl":{"start":{"line":50,"column":10},"end":{"line":50,"column":27}},"loc":{"start":{"line":50,"column":37},"end":{"line":57,"column":null}},"line":50},"5":{"name":"(anonymous_5)","decl":{"start":{"line":64,"column":4},"end":{"line":64,"column":17}},"loc":{"start":{"line":64,"column":17},"end":{"line":69,"column":null}},"line":64},"6":{"name":"(anonymous_6)","decl":{"start":{"line":72,"column":8},"end":{"line":72,"column":24}},"loc":{"start":{"line":72,"column":34},"end":{"line":86,"column":null}},"line":72},"7":{"name":"(anonymous_7)","decl":{"start":{"line":75,"column":4},"end":{"line":75,"column":13}},"loc":{"start":{"line":75,"column":26},"end":{"line":78,"column":6}},"line":75},"8":{"name":"(anonymous_8)","decl":{"start":{"line":88,"column":28},"end":{"line":88,"column":40}},"loc":{"start":{"line":88,"column":40},"end":{"line":161,"column":null}},"line":88},"9":{"name":"(anonymous_9)","decl":{"start":{"line":163,"column":8},"end":{"line":163,"column":null}},"loc":{"start":{"line":165,"column":8},"end":{"line":182,"column":null}},"line":165},"10":{"name":"(anonymous_10)","decl":{"start":{"line":184,"column":8},"end":{"line":184,"column":24}},"loc":{"start":{"line":184,"column":36},"end":{"line":192,"column":null}},"line":184},"11":{"name":"(anonymous_11)","decl":{"start":{"line":194,"column":8},"end":{"line":194,"column":29}},"loc":{"start":{"line":194,"column":29},"end":{"line":207,"column":null}},"line":194},"12":{"name":"(anonymous_12)","decl":{"start":{"line":209,"column":8},"end":{"line":209,"column":24}},"loc":{"start":{"line":209,"column":34},"end":{"line":224,"column":null}},"line":209},"13":{"name":"(anonymous_13)","decl":{"start":{"line":229,"column":6},"end":{"line":229,"column":20}},"loc":{"start":{"line":229,"column":30},"end":{"line":237,"column":null}},"line":229},"14":{"name":"(anonymous_14)","decl":{"start":{"line":421,"column":32},"end":{"line":421,"column":null}},"loc":{"start":{"line":426,"column":24},"end":{"line":493,"column":null}},"line":426},"15":{"name":"(anonymous_15)","decl":{"start":{"line":484,"column":30},"end":{"line":484,"column":null}},"loc":{"start":{"line":485,"column":32},"end":{"line":487,"column":null}},"line":485},"16":{"name":"formatMinutes","decl":{"start":{"line":602,"column":9},"end":{"line":602,"column":23}},"loc":{"start":{"line":602,"column":32},"end":{"line":622,"column":null}},"line":602}},"branchMap":{"0":{"loc":{"start":{"line":14,"column":11},"end":{"line":14,"column":null}},"type":"binary-expr","locations":[{"start":{"line":14,"column":11},"end":{"line":14,"column":23}},{"start":{"line":14,"column":23},"end":{"line":14,"column":null}}],"line":14},"1":{"loc":{"start":{"line":32,"column":11},"end":{"line":32,"column":null}},"type":"binary-expr","locations":[{"start":{"line":32,"column":11},"end":{"line":32,"column":26}},{"start":{"line":32,"column":26},"end":{"line":32,"column":null}}],"line":32},"2":{"loc":{"start":{"line":33,"column":17},"end":{"line":33,"column":null}},"type":"binary-expr","locations":[{"start":{"line":33,"column":17},"end":{"line":33,"column":38}},{"start":{"line":33,"column":38},"end":{"line":33,"column":null}}],"line":33},"3":{"loc":{"start":{"line":34,"column":14},"end":{"line":34,"column":null}},"type":"binary-expr","locations":[{"start":{"line":34,"column":14},"end":{"line":34,"column":32}},{"start":{"line":34,"column":32},"end":{"line":34,"column":null}}],"line":34},"4":{"loc":{"start":{"line":36,"column":6},"end":{"line":36,"column":null}},"type":"binary-expr","locations":[{"start":{"line":36,"column":6},"end":{"line":36,"column":24}},{"start":{"line":36,"column":24},"end":{"line":36,"column":null}}],"line":36},"5":{"loc":{"start":{"line":37,"column":13},"end":{"line":37,"column":null}},"type":"binary-expr","locations":[{"start":{"line":37,"column":13},"end":{"line":37,"column":30}},{"start":{"line":37,"column":30},"end":{"line":37,"column":null}}],"line":37},"6":{"loc":{"start":{"line":51,"column":6},"end":{"line":56,"column":null}},"type":"if","locations":[{"start":{"line":51,"column":6},"end":{"line":56,"column":null}},{"start":{},"end":{}}],"line":51},"7":{"loc":{"start":{"line":52,"column":8},"end":{"line":53,"column":null}},"type":"binary-expr","locations":[{"start":{"line":52,"column":8},"end":{"line":52,"column":null}},{"start":{"line":53,"column":8},"end":{"line":53,"column":null}}],"line":52},"8":{"loc":{"start":{"line":80,"column":4},"end":{"line":85,"column":null}},"type":"if","locations":[{"start":{"line":80,"column":4},"end":{"line":85,"column":null}},{"start":{},"end":{}}],"line":80},"9":{"loc":{"start":{"line":81,"column":6},"end":{"line":82,"column":null}},"type":"binary-expr","locations":[{"start":{"line":81,"column":6},"end":{"line":81,"column":null}},{"start":{"line":82,"column":6},"end":{"line":82,"column":null}}],"line":81},"10":{"loc":{"start":{"line":92,"column":4},"end":{"line":98,"column":null}},"type":"if","locations":[{"start":{"line":92,"column":4},"end":{"line":98,"column":null}},{"start":{},"end":{}}],"line":92},"11":{"loc":{"start":{"line":131,"column":6},"end":{"line":136,"column":null}},"type":"if","locations":[{"start":{"line":131,"column":6},"end":{"line":136,"column":null}},{"start":{},"end":{}}],"line":131},"12":{"loc":{"start":{"line":133,"column":10},"end":{"line":134,"column":null}},"type":"binary-expr","locations":[{"start":{"line":133,"column":10},"end":{"line":133,"column":null}},{"start":{"line":134,"column":12},"end":{"line":134,"column":null}}],"line":133},"13":{"loc":{"start":{"line":138,"column":6},"end":{"line":145,"column":null}},"type":"if","locations":[{"start":{"line":138,"column":6},"end":{"line":145,"column":null}},{"start":{},"end":{}}],"line":138},"14":{"loc":{"start":{"line":139,"column":8},"end":{"line":140,"column":null}},"type":"binary-expr","locations":[{"start":{"line":139,"column":8},"end":{"line":139,"column":null}},{"start":{"line":140,"column":8},"end":{"line":140,"column":null}}],"line":139},"15":{"loc":{"start":{"line":155,"column":8},"end":{"line":156,"column":null}},"type":"binary-expr","locations":[{"start":{"line":155,"column":8},"end":{"line":155,"column":null}},{"start":{"line":156,"column":10},"end":{"line":156,"column":null}}],"line":155},"16":{"loc":{"start":{"line":169,"column":6},"end":{"line":169,"column":null}},"type":"binary-expr","locations":[{"start":{"line":169,"column":6},"end":{"line":169,"column":29}},{"start":{"line":169,"column":29},"end":{"line":169,"column":null}}],"line":169},"17":{"loc":{"start":{"line":172,"column":6},"end":{"line":172,"column":null}},"type":"binary-expr","locations":[{"start":{"line":172,"column":6},"end":{"line":172,"column":26}},{"start":{"line":172,"column":26},"end":{"line":172,"column":null}}],"line":172},"18":{"loc":{"start":{"line":179,"column":6},"end":{"line":179,"column":null}},"type":"binary-expr","locations":[{"start":{"line":179,"column":6},"end":{"line":179,"column":34}},{"start":{"line":179,"column":34},"end":{"line":179,"column":null}}],"line":179},"19":{"loc":{"start":{"line":185,"column":4},"end":{"line":187,"column":null}},"type":"if","locations":[{"start":{"line":185,"column":4},"end":{"line":187,"column":null}},{"start":{},"end":{}}],"line":185},"20":{"loc":{"start":{"line":195,"column":4},"end":{"line":200,"column":null}},"type":"if","locations":[{"start":{"line":195,"column":4},"end":{"line":200,"column":null}},{"start":{},"end":{}}],"line":195},"21":{"loc":{"start":{"line":196,"column":6},"end":{"line":197,"column":null}},"type":"binary-expr","locations":[{"start":{"line":196,"column":6},"end":{"line":196,"column":null}},{"start":{"line":197,"column":6},"end":{"line":197,"column":null}}],"line":196},"22":{"loc":{"start":{"line":212,"column":4},"end":{"line":214,"column":null}},"type":"if","locations":[{"start":{"line":212,"column":4},"end":{"line":214,"column":null}},{"start":{},"end":{}}],"line":212},"23":{"loc":{"start":{"line":230,"column":8},"end":{"line":236,"column":null}},"type":"if","locations":[{"start":{"line":230,"column":8},"end":{"line":236,"column":null}},{"start":{},"end":{}}],"line":230},"24":{"loc":{"start":{"line":231,"column":10},"end":{"line":233,"column":null}},"type":"binary-expr","locations":[{"start":{"line":231,"column":10},"end":{"line":232,"column":null}},{"start":{"line":233,"column":10},"end":{"line":233,"column":null}}],"line":231},"25":{"loc":{"start":{"line":252,"column":15},"end":{"line":254,"column":null}},"type":"cond-expr","locations":[{"start":{"line":253,"column":18},"end":{"line":253,"column":null}},{"start":{"line":254,"column":18},"end":{"line":254,"column":null}}],"line":252},"26":{"loc":{"start":{"line":305,"column":11},"end":{"line":499,"column":null}},"type":"binary-expr","locations":[{"start":{"line":305,"column":11},"end":{"line":305,"column":null}},{"start":{"line":306,"column":12},"end":{"line":499,"column":null}}],"line":305},"27":{"loc":{"start":{"line":337,"column":18},"end":{"line":339,"column":null}},"type":"cond-expr","locations":[{"start":{"line":338,"column":22},"end":{"line":338,"column":null}},{"start":{"line":339,"column":22},"end":{"line":339,"column":null}}],"line":337},"28":{"loc":{"start":{"line":353,"column":17},"end":{"line":357,"column":null}},"type":"cond-expr","locations":[{"start":{"line":354,"column":20},"end":{"line":354,"column":null}},{"start":{"line":355,"column":20},"end":{"line":357,"column":null}}],"line":353},"29":{"loc":{"start":{"line":355,"column":20},"end":{"line":357,"column":null}},"type":"cond-expr","locations":[{"start":{"line":356,"column":20},"end":{"line":356,"column":null}},{"start":{"line":357,"column":20},"end":{"line":357,"column":null}}],"line":355},"30":{"loc":{"start":{"line":360,"column":15},"end":{"line":374,"column":null}},"type":"binary-expr","locations":[{"start":{"line":360,"column":15},"end":{"line":360,"column":null}},{"start":{"line":361,"column":16},"end":{"line":374,"column":null}}],"line":360},"31":{"loc":{"start":{"line":377,"column":15},"end":{"line":387,"column":null}},"type":"binary-expr","locations":[{"start":{"line":377,"column":15},"end":{"line":377,"column":null}},{"start":{"line":378,"column":16},"end":{"line":387,"column":null}}],"line":377},"32":{"loc":{"start":{"line":390,"column":15},"end":{"line":497,"column":null}},"type":"binary-expr","locations":[{"start":{"line":390,"column":15},"end":{"line":390,"column":null}},{"start":{"line":391,"column":16},"end":{"line":497,"column":null}}],"line":390},"33":{"loc":{"start":{"line":448,"column":34},"end":{"line":449,"column":null}},"type":"binary-expr","locations":[{"start":{"line":448,"column":34},"end":{"line":448,"column":null}},{"start":{"line":449,"column":36},"end":{"line":449,"column":null}}],"line":448},"34":{"loc":{"start":{"line":452,"column":33},"end":{"line":453,"column":null}},"type":"binary-expr","locations":[{"start":{"line":452,"column":33},"end":{"line":452,"column":null}},{"start":{"line":453,"column":34},"end":{"line":453,"column":null}}],"line":452},"35":{"loc":{"start":{"line":471,"column":31},"end":{"line":479,"column":null}},"type":"binary-expr","locations":[{"start":{"line":471,"column":31},"end":{"line":471,"column":null}},{"start":{"line":472,"column":32},"end":{"line":479,"column":null}}],"line":471},"36":{"loc":{"start":{"line":591,"column":15},"end":{"line":593,"column":null}},"type":"cond-expr","locations":[{"start":{"line":592,"column":18},"end":{"line":592,"column":null}},{"start":{"line":593,"column":18},"end":{"line":593,"column":null}}],"line":591},"37":{"loc":{"start":{"line":605,"column":2},"end":{"line":607,"column":null}},"type":"if","locations":[{"start":{"line":605,"column":2},"end":{"line":607,"column":null}},{"start":{},"end":{}}],"line":605},"38":{"loc":{"start":{"line":609,"column":2},"end":{"line":611,"column":null}},"type":"if","locations":[{"start":{"line":609,"column":2},"end":{"line":611,"column":null}},{"start":{},"end":{}}],"line":609},"39":{"loc":{"start":{"line":617,"column":2},"end":{"line":619,"column":null}},"type":"if","locations":[{"start":{"line":617,"column":2},"end":{"line":619,"column":null}},{"start":{},"end":{}}],"line":617}},"s":{"0":9,"1":220,"2":9,"3":220,"4":220,"5":220,"6":220,"7":17,"8":218,"9":1,"10":17,"11":17,"12":17,"13":220,"14":202,"15":202,"16":202,"17":202,"18":197,"19":220,"20":5,"21":5,"22":5,"23":1,"24":1,"25":4,"26":4,"27":4,"28":4,"29":4,"30":0,"31":4,"32":1,"33":3,"34":0,"35":3,"36":1,"37":1,"38":4,"39":220,"40":4,"41":220,"42":1,"43":0,"44":1,"45":220,"46":1,"47":0,"48":1,"49":220,"50":1,"51":1,"52":0,"53":1,"54":220,"55":20,"56":0,"57":9,"58":1,"59":9,"60":9,"61":0,"62":9,"63":9,"64":0,"65":0,"66":0,"67":0,"68":0},"f":{"0":9,"1":220,"2":9,"3":17,"4":218,"5":17,"6":202,"7":202,"8":5,"9":4,"10":1,"11":1,"12":1,"13":20,"14":9,"15":1,"16":9},"b":{"0":[9,8],"1":[9,8],"2":[9,8],"3":[9,8],"4":[9,8],"5":[9,8],"6":[1,217],"7":[218,1],"8":[197,5],"9":[202,72],"10":[1,4],"11":[1,3],"12":[1,0],"13":[0,3],"14":[3,3],"15":[1,0],"16":[4,0],"17":[4,0],"18":[4,0],"19":[0,1],"20":[0,1],"21":[1,1],"22":[0,1],"23":[0,20],"24":[20,0],"25":[1,219],"26":[220,219],"27":[4,215],"28":[4,215],"29":[3,212],"30":[219,4],"31":[219,2],"32":[219,3],"33":[9,0],"34":[9,0],"35":[9,9],"36":[1,219],"37":[0,9],"38":[9,0],"39":[0,0]},"meta":{"lastBranch":40,"lastFunction":17,"lastStatement":69,"seen":{"f:6:9:6:19":0,"s:12:2:21:Infinity":0,"b:14:11:14:23:14:23:14:Infinity":0,"f:25:9:25:23":1,"s:31:26:38:Infinity":1,"f:31:26:31:42":2,"s:31:42:38:4":2,"b:32:11:32:26:32:26:32:Infinity":1,"b:33:17:33:38:33:38:33:Infinity":2,"b:34:14:34:32:34:32:34:Infinity":3,"b:36:6:36:24:36:24:36:Infinity":4,"b:37:13:37:30:37:30:37:Infinity":5,"s:41:4:41:Infinity":3,"s:44:4:44:Infinity":4,"s:47:4:47:Infinity":5,"s:49:2:70:Infinity":6,"f:49:2:49:18":3,"s:50:10:57:Infinity":7,"f:50:10:50:27":4,"b:51:6:56:Infinity:undefined:undefined:undefined:undefined":6,"s:51:6:56:Infinity":8,"b:52:8:52:Infinity:53:8:53:Infinity":7,"s:55:8:55:Infinity":9,"s:59:4:62:Infinity":10,"s:64:4:69:Infinity":11,"f:64:4:64:17":5,"s:65:6:68:Infinity":12,"s:72:8:86:Infinity":13,"f:72:8:72:24":6,"s:73:28:73:Infinity":14,"s:75:4:78:Infinity":15,"f:75:4:75:13":7,"s:75:26:78:6":16,"b:80:4:85:Infinity:undefined:undefined:undefined:undefined":8,"s:80:4:85:Infinity":17,"b:81:6:81:Infinity:82:6:82:Infinity":9,"s:84:6:84:Infinity":18,"s:88:28:161:Infinity":19,"f:88:28:88:40":8,"s:89:4:89:Infinity":20,"s:90:4:90:Infinity":21,"b:92:4:98:Infinity:undefined:undefined:undefined:undefined":10,"s:92:4:98:Infinity":22,"s:93:6:95:Infinity":23,"s:97:6:97:Infinity":24,"s:100:4:160:Infinity":25,"s:101:6:101:Infinity":26,"s:103:23:119:Infinity":27,"s:123:6:129:Infinity":28,"s:124:8:124:Infinity":29,"s:126:8:128:Infinity":30,"b:131:6:136:Infinity:undefined:undefined:undefined:undefined":11,"s:131:6:136:Infinity":31,"s:132:8:135:Infinity":32,"b:133:10:133:Infinity:134:12:134:Infinity":12,"b:138:6:145:Infinity:undefined:undefined:undefined:undefined":13,"s:138:6:145:Infinity":33,"b:139:8:139:Infinity:140:8:140:Infinity":14,"s:142:8:144:Infinity":34,"s:147:6:147:Infinity":35,"s:149:6:152:Infinity":36,"s:154:6:157:Infinity":37,"b:155:8:155:Infinity:156:10:156:Infinity":15,"s:159:6:159:Infinity":38,"s:163:8:182:Infinity":39,"f:163:8:163:Infinity":9,"s:165:8:182:Infinity":40,"b:169:6:169:29:169:29:169:Infinity":16,"b:172:6:172:26:172:26:172:Infinity":17,"b:179:6:179:34:179:34:179:Infinity":18,"s:184:8:192:Infinity":41,"f:184:8:184:24":10,"b:185:4:187:Infinity:undefined:undefined:undefined:undefined":19,"s:185:4:187:Infinity":42,"s:186:6:186:Infinity":43,"s:189:4:191:Infinity":44,"s:194:8:207:Infinity":45,"f:194:8:194:29":11,"b:195:4:200:Infinity:undefined:undefined:undefined:undefined":20,"s:195:4:200:Infinity":46,"b:196:6:196:Infinity:197:6:197:Infinity":21,"s:199:6:199:Infinity":47,"s:202:4:206:Infinity":48,"s:209:8:224:Infinity":49,"f:209:8:209:24":12,"s:210:4:210:Infinity":50,"b:212:4:214:Infinity:undefined:undefined:undefined:undefined":22,"s:212:4:214:Infinity":51,"s:213:6:213:Infinity":52,"s:216:4:223:Infinity":53,"s:226:2:598:Infinity":54,"f:229:6:229:20":13,"b:230:8:236:Infinity:undefined:undefined:undefined:undefined":23,"s:230:8:236:Infinity":55,"b:231:10:232:Infinity:233:10:233:Infinity":24,"s:235:10:235:Infinity":56,"b:253:18:253:Infinity:254:18:254:Infinity":25,"b:305:11:305:Infinity:306:12:499:Infinity":26,"b:338:22:338:Infinity:339:22:339:Infinity":27,"b:354:20:354:Infinity:355:20:357:Infinity":28,"b:356:20:356:Infinity:357:20:357:Infinity":29,"b:360:15:360:Infinity:361:16:374:Infinity":30,"b:377:15:377:Infinity:378:16:387:Infinity":31,"b:390:15:390:Infinity:391:16:497:Infinity":32,"f:421:32:421:Infinity":14,"s:426:24:493:Infinity":57,"b:448:34:448:Infinity:449:36:449:Infinity":33,"b:452:33:452:Infinity:453:34:453:Infinity":34,"b:471:31:471:Infinity:472:32:479:Infinity":35,"f:484:30:484:Infinity":15,"s:485:32:487:Infinity":58,"b:592:18:592:Infinity:593:18:593:Infinity":36,"f:602:9:602:23":16,"s:603:16:603:Infinity":59,"b:605:2:607:Infinity:undefined:undefined:undefined:undefined":37,"s:605:2:607:Infinity":60,"s:606:4:606:Infinity":61,"b:609:2:611:Infinity:undefined:undefined:undefined:undefined":38,"s:609:2:611:Infinity":62,"s:610:4:610:Infinity":63,"s:613:16:613:Infinity":64,"s:615:20:615:Infinity":65,"b:617:2:619:Infinity:undefined:undefined:undefined:undefined":39,"s:617:2:619:Infinity":66,"s:618:4:618:Infinity":67,"s:621:2:621:Infinity":68},"fnNames":{}}}
}
